2017-09-01 00:22:06 LOOP 14400 SMSList ("") EmailList ("dieuhanhgiaothong@gmail.com", "nguyenduytan71@gmail.com") SMSEvent 7 EmailEvent 15 
2017-09-01 00:47:37 LOOP 14700 SMSList ("") EmailList ("dieuhanhgiaothong@gmail.com", "nguyenduytan71@gmail.com") SMSEvent 7 EmailEvent 15 
2017-09-01 01:13:09 LOOP 15000 SMSList ("") EmailList ("dieuhanhgiaothong@gmail.com", "nguyenduytan71@gmail.com") SMSEvent 7 EmailEvent 15 
2017-09-01 01:38:40 LOOP 15300 SMSList ("") EmailList ("dieuhanhgiaothong@gmail.com", "nguyenduytan71@gmail.com") SMSEvent 7 EmailEvent 15 
2017-09-01 02:04:12 LOOP 15600 SMSList ("") EmailList ("dieuhanhgiaothong@gmail.com", "nguyenduytan71@gmail.com") SMSEvent 7 EmailEvent 15 
2017-09-01 02:29:44 LOOP 15900 SMSList ("") EmailList ("dieuhanhgiaothong@gmail.com", "nguyenduytan71@gmail.com") SMSEvent 7 EmailEvent 15 
2017-09-01 02:55:15 LOOP 16200 SMSList ("") EmailList ("dieuhanhgiaothong@gmail.com", "nguyenduytan71@gmail.com") SMSEvent 7 EmailEvent 15 
2017-09-01 03:20:47 LOOP 16500 SMSList ("") EmailList ("dieuhanhgiaothong@gmail.com", "nguyenduytan71@gmail.com") SMSEvent 7 EmailEvent 15 
2017-09-01 03:37:14 "Open DatabaseName = localvnm,HostName = 10.0.0.5,AliasName =SendMailLocalDatabase0,Ok" 
2017-09-01 03:37:14 LOOP 0 SMSList ("") EmailList ("dieuhanhgiaothong@gmail.com", "nguyenduytan71@gmail.com") SMSEvent 7 EmailEvent 15 
2017-09-01 04:02:46 LOOP 300 SMSList ("") EmailList ("dieuhanhgiaothong@gmail.com", "nguyenduytan71@gmail.com") SMSEvent 7 EmailEvent 15 
2017-09-01 04:28:17 LOOP 600 SMSList ("") EmailList ("dieuhanhgiaothong@gmail.com", "nguyenduytan71@gmail.com") SMSEvent 7 EmailEvent 15 
2017-09-01 04:53:48 LOOP 900 SMSList ("") EmailList ("dieuhanhgiaothong@gmail.com", "nguyenduytan71@gmail.com") SMSEvent 7 EmailEvent 15 
2017-09-01 05:19:20 LOOP 1200 SMSList ("") EmailList ("dieuhanhgiaothong@gmail.com", "nguyenduytan71@gmail.com") SMSEvent 7 EmailEvent 15 
2017-09-01 05:44:52 LOOP 1500 SMSList ("") EmailList ("dieuhanhgiaothong@gmail.com", "nguyenduytan71@gmail.com") SMSEvent 7 EmailEvent 15 
2017-09-01 06:10:24 LOOP 1800 SMSList ("") EmailList ("dieuhanhgiaothong@gmail.com", "nguyenduytan71@gmail.com") SMSEvent 7 EmailEvent 15 
2017-09-01 06:35:57 LOOP 2100 SMSList ("") EmailList ("dieuhanhgiaothong@gmail.com", "nguyenduytan71@gmail.com") SMSEvent 7 EmailEvent 15 
2017-09-01 07:01:30 LOOP 2400 SMSList ("") EmailList ("dieuhanhgiaothong@gmail.com", "nguyenduytan71@gmail.com") SMSEvent 7 EmailEvent 15 
2017-09-01 07:27:09 LOOP 2700 SMSList ("") EmailList ("dieuhanhgiaothong@gmail.com", "nguyenduytan71@gmail.com") SMSEvent 7 EmailEvent 15 
2017-09-01 07:53:05 LOOP 3000 SMSList ("") EmailList ("dieuhanhgiaothong@gmail.com", "nguyenduytan71@gmail.com") SMSEvent 7 EmailEvent 15 
2017-09-01 08:18:43 LOOP 3300 SMSList ("") EmailList ("dieuhanhgiaothong@gmail.com", "nguyenduytan71@gmail.com") SMSEvent 7 EmailEvent 15 
2017-09-01 08:44:24 LOOP 3600 SMSList ("") EmailList ("dieuhanhgiaothong@gmail.com", "nguyenduytan71@gmail.com") SMSEvent 7 EmailEvent 15 
2017-09-01 09:10:21 LOOP 3900 SMSList ("") EmailList ("dieuhanhgiaothong@gmail.com", "nguyenduytan71@gmail.com") SMSEvent 7 EmailEvent 15 
2017-09-01 09:36:19 LOOP 4200 SMSList ("") EmailList ("dieuhanhgiaothong@gmail.com", "nguyenduytan71@gmail.com") SMSEvent 7 EmailEvent 15 
2017-09-01 10:00:44 "Exec Query[update tbl_cam set cam_video_stat=0 where cam_video_stat=1 and cam_videotime<subtime(now(),'00:03:00')], error[Deadlock found when trying to get lock; try restarting transaction QMYSQL: Unable to execute query], host[10.0.0.5], database[localvnm], alias[SendMailLocalDatabase0]" 
2017-09-01 10:02:00 LOOP 4500 SMSList ("") EmailList ("dieuhanhgiaothong@gmail.com", "nguyenduytan71@gmail.com") SMSEvent 7 EmailEvent 15 
2017-09-01 10:27:50 LOOP 4800 SMSList ("") EmailList ("dieuhanhgiaothong@gmail.com", "nguyenduytan71@gmail.com") SMSEvent 7 EmailEvent 15 
2017-09-01 10:54:33 LOOP 5100 SMSList ("") EmailList ("dieuhanhgiaothong@gmail.com", "nguyenduytan71@gmail.com") SMSEvent 7 EmailEvent 15 
2017-09-01 11:20:30 LOOP 5400 SMSList ("") EmailList ("dieuhanhgiaothong@gmail.com", "nguyenduytan71@gmail.com") SMSEvent 7 EmailEvent 15 
2017-09-01 11:20:52 "Exec Query[update tbl_cam set cam_vehicle_stat=0 where cam_vehicle_stat=1 and cam_vehicle_time<subtime(now(),'00:20:00')], error[Deadlock found when trying to get lock; try restarting transaction QMYSQL: Unable to execute query], host[10.0.0.5], database[localvnm], alias[SendMailLocalDatabase0]" 
2017-09-01 11:46:15 LOOP 5700 SMSList ("") EmailList ("dieuhanhgiaothong@gmail.com", "nguyenduytan71@gmail.com") SMSEvent 7 EmailEvent 15 
2017-09-01 12:01:04 "Exec Query[update tbl_cam set cam_analytics_stat=0 where cam_analytics_stat=1 and cam_analytics_time<subtime(now(),'00:05:00')], error[Deadlock found when trying to get lock; try restarting transaction QMYSQL: Unable to execute query], host[10.0.0.5], database[localvnm], alias[SendMailLocalDatabase0]" 
2017-09-01 12:11:57 LOOP 6000 SMSList ("") EmailList ("dieuhanhgiaothong@gmail.com", "nguyenduytan71@gmail.com") SMSEvent 7 EmailEvent 15 
2017-09-01 12:37:39 LOOP 6300 SMSList ("") EmailList ("dieuhanhgiaothong@gmail.com", "nguyenduytan71@gmail.com") SMSEvent 7 EmailEvent 15 
2017-09-01 13:03:40 LOOP 6600 SMSList ("") EmailList ("dieuhanhgiaothong@gmail.com", "nguyenduytan71@gmail.com") SMSEvent 7 EmailEvent 15 
2017-09-01 13:29:24 LOOP 6900 SMSList ("") EmailList ("dieuhanhgiaothong@gmail.com", "nguyenduytan71@gmail.com") SMSEvent 7 EmailEvent 15 
2017-09-01 13:54:59 LOOP 7200 SMSList ("") EmailList ("dieuhanhgiaothong@gmail.com", "nguyenduytan71@gmail.com") SMSEvent 7 EmailEvent 15 
2017-09-01 14:21:28 LOOP 7500 SMSList ("") EmailList ("dieuhanhgiaothong@gmail.com", "nguyenduytan71@gmail.com") SMSEvent 7 EmailEvent 15 
2017-09-01 14:47:16 LOOP 7800 SMSList ("") EmailList ("dieuhanhgiaothong@gmail.com", "nguyenduytan71@gmail.com") SMSEvent 7 EmailEvent 15 
2017-09-01 15:13:04 LOOP 8100 SMSList ("") EmailList ("dieuhanhgiaothong@gmail.com", "nguyenduytan71@gmail.com") SMSEvent 7 EmailEvent 15 
2017-09-01 15:39:03 LOOP 8400 SMSList ("") EmailList ("dieuhanhgiaothong@gmail.com", "nguyenduytan71@gmail.com") SMSEvent 7 EmailEvent 15 
2017-09-01 16:04:56 LOOP 8700 SMSList ("") EmailList ("dieuhanhgiaothong@gmail.com", "nguyenduytan71@gmail.com") SMSEvent 7 EmailEvent 15 
2017-09-01 16:30:43 LOOP 9000 SMSList ("") EmailList ("dieuhanhgiaothong@gmail.com", "nguyenduytan71@gmail.com") SMSEvent 7 EmailEvent 15 
2017-09-01 16:56:25 LOOP 9300 SMSList ("") EmailList ("dieuhanhgiaothong@gmail.com", "nguyenduytan71@gmail.com") SMSEvent 7 EmailEvent 15 
2017-09-01 17:22:04 LOOP 9600 SMSList ("") EmailList ("dieuhanhgiaothong@gmail.com", "nguyenduytan71@gmail.com") SMSEvent 7 EmailEvent 15 
2017-09-01 17:47:53 LOOP 9900 SMSList ("") EmailList ("dieuhanhgiaothong@gmail.com", "nguyenduytan71@gmail.com") SMSEvent 7 EmailEvent 15 
2017-09-01 18:13:46 LOOP 10200 SMSList ("") EmailList ("dieuhanhgiaothong@gmail.com", "nguyenduytan71@gmail.com") SMSEvent 7 EmailEvent 15 
2017-09-01 18:39:38 LOOP 10500 SMSList ("") EmailList ("dieuhanhgiaothong@gmail.com", "nguyenduytan71@gmail.com") SMSEvent 7 EmailEvent 15 
2017-09-01 19:05:13 LOOP 10800 SMSList ("") EmailList ("dieuhanhgiaothong@gmail.com", "nguyenduytan71@gmail.com") SMSEvent 7 EmailEvent 15 
2017-09-01 19:31:12 LOOP 11100 SMSList ("") EmailList ("dieuhanhgiaothong@gmail.com", "nguyenduytan71@gmail.com") SMSEvent 7 EmailEvent 15 
2017-09-01 19:56:47 LOOP 11400 SMSList ("") EmailList ("dieuhanhgiaothong@gmail.com", "nguyenduytan71@gmail.com") SMSEvent 7 EmailEvent 15 
2017-09-01 20:22:21 LOOP 11700 SMSList ("") EmailList ("dieuhanhgiaothong@gmail.com", "nguyenduytan71@gmail.com") SMSEvent 7 EmailEvent 15 
2017-09-01 20:47:56 LOOP 12000 SMSList ("") EmailList ("dieuhanhgiaothong@gmail.com", "nguyenduytan71@gmail.com") SMSEvent 7 EmailEvent 15 
2017-09-01 21:13:30 LOOP 12300 SMSList ("") EmailList ("dieuhanhgiaothong@gmail.com", "nguyenduytan71@gmail.com") SMSEvent 7 EmailEvent 15 
2017-09-01 21:39:03 LOOP 12600 SMSList ("") EmailList ("dieuhanhgiaothong@gmail.com", "nguyenduytan71@gmail.com") SMSEvent 7 EmailEvent 15 
2017-09-01 22:04:35 LOOP 12900 SMSList ("") EmailList ("dieuhanhgiaothong@gmail.com", "nguyenduytan71@gmail.com") SMSEvent 7 EmailEvent 15 
2017-09-01 22:30:09 LOOP 13200 SMSList ("") EmailList ("dieuhanhgiaothong@gmail.com", "nguyenduytan71@gmail.com") SMSEvent 7 EmailEvent 15 
2017-09-01 22:55:42 LOOP 13500 SMSList ("") EmailList ("dieuhanhgiaothong@gmail.com", "nguyenduytan71@gmail.com") SMSEvent 7 EmailEvent 15 
2017-09-01 23:21:14 LOOP 13800 SMSList ("") EmailList ("dieuhanhgiaothong@gmail.com", "nguyenduytan71@gmail.com") SMSEvent 7 EmailEvent 15 
2017-09-01 23:46:46 LOOP 14100 SMSList ("") EmailList ("dieuhanhgiaothong@gmail.com", "nguyenduytan71@gmail.com") SMSEvent 7 EmailEvent 15 
