2017-08-18 00:01:39 LOOP 14100 SMSList ("") EmailList ("dieuhanhgiaothong@gmail.com", "nguyenduytan71@gmail.com") SMSEvent 7 EmailEvent 15 
2017-08-18 00:27:11 LOOP 14400 SMSList ("") EmailList ("dieuhanhgiaothong@gmail.com", "nguyenduytan71@gmail.com") SMSEvent 7 EmailEvent 15 
2017-08-18 00:52:43 LOOP 14700 SMSList ("") EmailList ("dieuhanhgiaothong@gmail.com", "nguyenduytan71@gmail.com") SMSEvent 7 EmailEvent 15 
2017-08-18 01:18:15 LOOP 15000 SMSList ("") EmailList ("dieuhanhgiaothong@gmail.com", "nguyenduytan71@gmail.com") SMSEvent 7 EmailEvent 15 
2017-08-18 01:43:46 LOOP 15300 SMSList ("") EmailList ("dieuhanhgiaothong@gmail.com", "nguyenduytan71@gmail.com") SMSEvent 7 EmailEvent 15 
2017-08-18 02:09:18 LOOP 15600 SMSList ("") EmailList ("dieuhanhgiaothong@gmail.com", "nguyenduytan71@gmail.com") SMSEvent 7 EmailEvent 15 
2017-08-18 02:34:49 LOOP 15900 SMSList ("") EmailList ("dieuhanhgiaothong@gmail.com", "nguyenduytan71@gmail.com") SMSEvent 7 EmailEvent 15 
2017-08-18 03:00:21 LOOP 16200 SMSList ("") EmailList ("dieuhanhgiaothong@gmail.com", "nguyenduytan71@gmail.com") SMSEvent 7 EmailEvent 15 
2017-08-18 03:21:14 "Open DatabaseName = localvnm,HostName = 10.0.0.5,AliasName =SendMailLocalDatabase0,Ok" 
2017-08-18 03:21:14 LOOP 0 SMSList ("") EmailList ("dieuhanhgiaothong@gmail.com", "nguyenduytan71@gmail.com") SMSEvent 7 EmailEvent 15 
2017-08-18 03:46:45 LOOP 300 SMSList ("") EmailList ("dieuhanhgiaothong@gmail.com", "nguyenduytan71@gmail.com") SMSEvent 7 EmailEvent 15 
2017-08-18 03:58:25 "Exec Query[update tbl_cam set cam_analytics_stat=0 where cam_analytics_stat=1 and cam_analytics_time<subtime(now(),'00:05:00')], error[Deadlock found when trying to get lock; try restarting transaction QMYSQL: Unable to execute query], host[10.0.0.5], database[localvnm], alias[SendMailLocalDatabase0]" 
2017-08-18 04:12:17 LOOP 600 SMSList ("") EmailList ("dieuhanhgiaothong@gmail.com", "nguyenduytan71@gmail.com") SMSEvent 7 EmailEvent 15 
2017-08-18 04:37:48 LOOP 900 SMSList ("") EmailList ("dieuhanhgiaothong@gmail.com", "nguyenduytan71@gmail.com") SMSEvent 7 EmailEvent 15 
2017-08-18 05:03:19 LOOP 1200 SMSList ("") EmailList ("dieuhanhgiaothong@gmail.com", "nguyenduytan71@gmail.com") SMSEvent 7 EmailEvent 15 
2017-08-18 05:28:50 LOOP 1500 SMSList ("") EmailList ("dieuhanhgiaothong@gmail.com", "nguyenduytan71@gmail.com") SMSEvent 7 EmailEvent 15 
2017-08-18 05:54:23 LOOP 1800 SMSList ("") EmailList ("dieuhanhgiaothong@gmail.com", "nguyenduytan71@gmail.com") SMSEvent 7 EmailEvent 15 
2017-08-18 06:19:54 LOOP 2100 SMSList ("") EmailList ("dieuhanhgiaothong@gmail.com", "nguyenduytan71@gmail.com") SMSEvent 7 EmailEvent 15 
2017-08-18 06:45:28 LOOP 2400 SMSList ("") EmailList ("dieuhanhgiaothong@gmail.com", "nguyenduytan71@gmail.com") SMSEvent 7 EmailEvent 15 
2017-08-18 07:11:04 LOOP 2700 SMSList ("") EmailList ("dieuhanhgiaothong@gmail.com", "nguyenduytan71@gmail.com") SMSEvent 7 EmailEvent 15 
2017-08-18 07:36:40 LOOP 3000 SMSList ("") EmailList ("dieuhanhgiaothong@gmail.com", "nguyenduytan71@gmail.com") SMSEvent 7 EmailEvent 15 
2017-08-18 08:02:18 LOOP 3300 SMSList ("") EmailList ("dieuhanhgiaothong@gmail.com", "nguyenduytan71@gmail.com") SMSEvent 7 EmailEvent 15 
2017-08-18 08:28:21 LOOP 3600 SMSList ("") EmailList ("dieuhanhgiaothong@gmail.com", "nguyenduytan71@gmail.com") SMSEvent 7 EmailEvent 15 
2017-08-18 08:53:59 LOOP 3900 SMSList ("") EmailList ("dieuhanhgiaothong@gmail.com", "nguyenduytan71@gmail.com") SMSEvent 7 EmailEvent 15 
2017-08-18 09:19:37 LOOP 4200 SMSList ("") EmailList ("dieuhanhgiaothong@gmail.com", "nguyenduytan71@gmail.com") SMSEvent 7 EmailEvent 15 
2017-08-18 09:45:16 LOOP 4500 SMSList ("") EmailList ("dieuhanhgiaothong@gmail.com", "nguyenduytan71@gmail.com") SMSEvent 7 EmailEvent 15 
2017-08-18 10:10:59 LOOP 4800 SMSList ("") EmailList ("dieuhanhgiaothong@gmail.com", "nguyenduytan71@gmail.com") SMSEvent 7 EmailEvent 15 
2017-08-18 10:24:40 "Exec Query[update tbl_cam set cam_video_stat=0 where cam_video_stat=1 and cam_videotime<subtime(now(),'00:03:00')], error[Deadlock found when trying to get lock; try restarting transaction QMYSQL: Unable to execute query], host[10.0.0.5], database[localvnm], alias[SendMailLocalDatabase0]" 
2017-08-18 10:36:36 LOOP 5100 SMSList ("") EmailList ("dieuhanhgiaothong@gmail.com", "nguyenduytan71@gmail.com") SMSEvent 7 EmailEvent 15 
2017-08-18 11:02:35 LOOP 5400 SMSList ("") EmailList ("dieuhanhgiaothong@gmail.com", "nguyenduytan71@gmail.com") SMSEvent 7 EmailEvent 15 
2017-08-18 11:28:17 LOOP 5700 SMSList ("") EmailList ("dieuhanhgiaothong@gmail.com", "nguyenduytan71@gmail.com") SMSEvent 7 EmailEvent 15 
2017-08-18 11:53:56 LOOP 6000 SMSList ("") EmailList ("dieuhanhgiaothong@gmail.com", "nguyenduytan71@gmail.com") SMSEvent 7 EmailEvent 15 
2017-08-18 12:19:33 LOOP 6300 SMSList ("") EmailList ("dieuhanhgiaothong@gmail.com", "nguyenduytan71@gmail.com") SMSEvent 7 EmailEvent 15 
2017-08-18 12:45:06 LOOP 6600 SMSList ("") EmailList ("dieuhanhgiaothong@gmail.com", "nguyenduytan71@gmail.com") SMSEvent 7 EmailEvent 15 
2017-08-18 13:10:39 LOOP 6900 SMSList ("") EmailList ("dieuhanhgiaothong@gmail.com", "nguyenduytan71@gmail.com") SMSEvent 7 EmailEvent 15 
2017-08-18 13:36:14 LOOP 7200 SMSList ("") EmailList ("dieuhanhgiaothong@gmail.com", "nguyenduytan71@gmail.com") SMSEvent 7 EmailEvent 15 
2017-08-18 14:02:02 LOOP 7500 SMSList ("") EmailList ("dieuhanhgiaothong@gmail.com", "nguyenduytan71@gmail.com") SMSEvent 7 EmailEvent 15 
2017-08-18 14:27:46 LOOP 7800 SMSList ("") EmailList ("dieuhanhgiaothong@gmail.com", "nguyenduytan71@gmail.com") SMSEvent 7 EmailEvent 15 
2017-08-18 14:53:25 LOOP 8100 SMSList ("") EmailList ("dieuhanhgiaothong@gmail.com", "nguyenduytan71@gmail.com") SMSEvent 7 EmailEvent 15 
2017-08-18 15:19:28 LOOP 8400 SMSList ("") EmailList ("dieuhanhgiaothong@gmail.com", "nguyenduytan71@gmail.com") SMSEvent 7 EmailEvent 15 
2017-08-18 15:45:11 LOOP 8700 SMSList ("") EmailList ("dieuhanhgiaothong@gmail.com", "nguyenduytan71@gmail.com") SMSEvent 7 EmailEvent 15 
2017-08-18 16:10:55 LOOP 9000 SMSList ("") EmailList ("dieuhanhgiaothong@gmail.com", "nguyenduytan71@gmail.com") SMSEvent 7 EmailEvent 15 
2017-08-18 16:19:22 "Exec Query[update tbl_cam set cam_video_stat=0 where cam_video_stat=1 and cam_videotime<subtime(now(),'00:03:00')], error[Deadlock found when trying to get lock; try restarting transaction QMYSQL: Unable to execute query], host[10.0.0.5], database[localvnm], alias[SendMailLocalDatabase0]" 
2017-08-18 16:19:22 "Exec Query[update tbl_cam set cam_analytics_stat=0 where cam_analytics_stat=1 and cam_analytics_time<subtime(now(),'00:05:00')], error[Deadlock found when trying to get lock; try restarting transaction QMYSQL: Unable to execute query], host[10.0.0.5], database[localvnm], alias[SendMailLocalDatabase0]" 
2017-08-18 16:19:22 "Exec Query[update tbl_cam set cam_vehicle_stat=0 where cam_vehicle_stat=1 and cam_vehicle_time<subtime(now(),'00:20:00')], error[Deadlock found when trying to get lock; try restarting transaction QMYSQL: Unable to execute query], host[10.0.0.5], database[localvnm], alias[SendMailLocalDatabase0]" 
2017-08-18 16:36:36 LOOP 9300 SMSList ("") EmailList ("dieuhanhgiaothong@gmail.com", "nguyenduytan71@gmail.com") SMSEvent 7 EmailEvent 15 
2017-08-18 17:02:15 LOOP 9600 SMSList ("") EmailList ("dieuhanhgiaothong@gmail.com", "nguyenduytan71@gmail.com") SMSEvent 7 EmailEvent 15 
2017-08-18 17:27:53 LOOP 9900 SMSList ("") EmailList ("dieuhanhgiaothong@gmail.com", "nguyenduytan71@gmail.com") SMSEvent 7 EmailEvent 15 
2017-08-18 17:53:44 LOOP 10200 SMSList ("") EmailList ("dieuhanhgiaothong@gmail.com", "nguyenduytan71@gmail.com") SMSEvent 7 EmailEvent 15 
2017-08-18 18:19:28 LOOP 10500 SMSList ("") EmailList ("dieuhanhgiaothong@gmail.com", "nguyenduytan71@gmail.com") SMSEvent 7 EmailEvent 15 
2017-08-18 18:45:01 LOOP 10800 SMSList ("") EmailList ("dieuhanhgiaothong@gmail.com", "nguyenduytan71@gmail.com") SMSEvent 7 EmailEvent 15 
2017-08-18 19:10:34 LOOP 11100 SMSList ("") EmailList ("dieuhanhgiaothong@gmail.com", "nguyenduytan71@gmail.com") SMSEvent 7 EmailEvent 15 
2017-08-18 19:36:08 LOOP 11400 SMSList ("") EmailList ("dieuhanhgiaothong@gmail.com", "nguyenduytan71@gmail.com") SMSEvent 7 EmailEvent 15 
2017-08-18 20:01:42 LOOP 11700 SMSList ("") EmailList ("dieuhanhgiaothong@gmail.com", "nguyenduytan71@gmail.com") SMSEvent 7 EmailEvent 15 
2017-08-18 20:27:16 LOOP 12000 SMSList ("") EmailList ("dieuhanhgiaothong@gmail.com", "nguyenduytan71@gmail.com") SMSEvent 7 EmailEvent 15 
2017-08-18 20:52:49 LOOP 12300 SMSList ("") EmailList ("dieuhanhgiaothong@gmail.com", "nguyenduytan71@gmail.com") SMSEvent 7 EmailEvent 15 
2017-08-18 21:18:22 LOOP 12600 SMSList ("") EmailList ("dieuhanhgiaothong@gmail.com", "nguyenduytan71@gmail.com") SMSEvent 7 EmailEvent 15 
2017-08-18 21:43:54 LOOP 12900 SMSList ("") EmailList ("dieuhanhgiaothong@gmail.com", "nguyenduytan71@gmail.com") SMSEvent 7 EmailEvent 15 
2017-08-18 22:09:27 LOOP 13200 SMSList ("") EmailList ("dieuhanhgiaothong@gmail.com", "nguyenduytan71@gmail.com") SMSEvent 7 EmailEvent 15 
2017-08-18 22:34:59 LOOP 13500 SMSList ("") EmailList ("dieuhanhgiaothong@gmail.com", "nguyenduytan71@gmail.com") SMSEvent 7 EmailEvent 15 
2017-08-18 23:00:31 LOOP 13800 SMSList ("") EmailList ("dieuhanhgiaothong@gmail.com", "nguyenduytan71@gmail.com") SMSEvent 7 EmailEvent 15 
2017-08-18 23:26:02 LOOP 14100 SMSList ("") EmailList ("dieuhanhgiaothong@gmail.com", "nguyenduytan71@gmail.com") SMSEvent 7 EmailEvent 15 
2017-08-18 23:51:34 LOOP 14400 SMSList ("") EmailList ("dieuhanhgiaothong@gmail.com", "nguyenduytan71@gmail.com") SMSEvent 7 EmailEvent 15 
