2017-01-05 00:23:23 LOOP 119700 SMSList ("") EmailList ("dieuhanhgiaothong@gmail.com", "nguyenduytan71@gmail.com", "nhtinh@cadpro.vn") SMSEvent 7 EmailEvent 15 
2017-01-05 00:48:24 LOOP 120000 SMSList ("") EmailList ("dieuhanhgiaothong@gmail.com", "nguyenduytan71@gmail.com", "nhtinh@cadpro.vn") SMSEvent 7 EmailEvent 15 
2017-01-05 01:13:25 LOOP 120300 SMSList ("") EmailList ("dieuhanhgiaothong@gmail.com", "nguyenduytan71@gmail.com", "nhtinh@cadpro.vn") SMSEvent 7 EmailEvent 15 
2017-01-05 01:38:26 LOOP 120600 SMSList ("") EmailList ("dieuhanhgiaothong@gmail.com", "nguyenduytan71@gmail.com", "nhtinh@cadpro.vn") SMSEvent 7 EmailEvent 15 
2017-01-05 02:03:27 LOOP 120900 SMSList ("") EmailList ("dieuhanhgiaothong@gmail.com", "nguyenduytan71@gmail.com", "nhtinh@cadpro.vn") SMSEvent 7 EmailEvent 15 
2017-01-05 02:28:28 LOOP 121200 SMSList ("") EmailList ("dieuhanhgiaothong@gmail.com", "nguyenduytan71@gmail.com", "nhtinh@cadpro.vn") SMSEvent 7 EmailEvent 15 
2017-01-05 02:53:29 LOOP 121500 SMSList ("") EmailList ("dieuhanhgiaothong@gmail.com", "nguyenduytan71@gmail.com", "nhtinh@cadpro.vn") SMSEvent 7 EmailEvent 15 
2017-01-05 03:18:29 LOOP 121800 SMSList ("") EmailList ("dieuhanhgiaothong@gmail.com", "nguyenduytan71@gmail.com", "nhtinh@cadpro.vn") SMSEvent 7 EmailEvent 15 
2017-01-05 03:43:30 LOOP 122100 SMSList ("") EmailList ("dieuhanhgiaothong@gmail.com", "nguyenduytan71@gmail.com", "nhtinh@cadpro.vn") SMSEvent 7 EmailEvent 15 
2017-01-05 04:08:31 LOOP 122400 SMSList ("") EmailList ("dieuhanhgiaothong@gmail.com", "nguyenduytan71@gmail.com", "nhtinh@cadpro.vn") SMSEvent 7 EmailEvent 15 
2017-01-05 04:33:32 LOOP 122700 SMSList ("") EmailList ("dieuhanhgiaothong@gmail.com", "nguyenduytan71@gmail.com", "nhtinh@cadpro.vn") SMSEvent 7 EmailEvent 15 
2017-01-05 04:58:33 LOOP 123000 SMSList ("") EmailList ("dieuhanhgiaothong@gmail.com", "nguyenduytan71@gmail.com", "nhtinh@cadpro.vn") SMSEvent 7 EmailEvent 15 
2017-01-05 05:23:34 LOOP 123300 SMSList ("") EmailList ("dieuhanhgiaothong@gmail.com", "nguyenduytan71@gmail.com", "nhtinh@cadpro.vn") SMSEvent 7 EmailEvent 15 
2017-01-05 05:48:35 LOOP 123600 SMSList ("") EmailList ("dieuhanhgiaothong@gmail.com", "nguyenduytan71@gmail.com", "nhtinh@cadpro.vn") SMSEvent 7 EmailEvent 15 
2017-01-05 06:13:35 LOOP 123900 SMSList ("") EmailList ("dieuhanhgiaothong@gmail.com", "nguyenduytan71@gmail.com", "nhtinh@cadpro.vn") SMSEvent 7 EmailEvent 15 
2017-01-05 06:38:36 LOOP 124200 SMSList ("") EmailList ("dieuhanhgiaothong@gmail.com", "nguyenduytan71@gmail.com", "nhtinh@cadpro.vn") SMSEvent 7 EmailEvent 15 
2017-01-05 07:04:38 LOOP 124500 SMSList ("") EmailList ("dieuhanhgiaothong@gmail.com", "nguyenduytan71@gmail.com", "nhtinh@cadpro.vn") SMSEvent 7 EmailEvent 15 
2017-01-05 07:29:39 LOOP 124800 SMSList ("") EmailList ("dieuhanhgiaothong@gmail.com", "nguyenduytan71@gmail.com", "nhtinh@cadpro.vn") SMSEvent 7 EmailEvent 15 
2017-01-05 07:54:40 LOOP 125100 SMSList ("") EmailList ("dieuhanhgiaothong@gmail.com", "nguyenduytan71@gmail.com", "nhtinh@cadpro.vn") SMSEvent 7 EmailEvent 15 
2017-01-05 08:19:41 LOOP 125400 SMSList ("") EmailList ("dieuhanhgiaothong@gmail.com", "nguyenduytan71@gmail.com", "nhtinh@cadpro.vn") SMSEvent 7 EmailEvent 15 
2017-01-05 08:44:42 LOOP 125700 SMSList ("") EmailList ("dieuhanhgiaothong@gmail.com", "nguyenduytan71@gmail.com", "nhtinh@cadpro.vn") SMSEvent 7 EmailEvent 15 
2017-01-05 09:09:43 LOOP 126000 SMSList ("") EmailList ("dieuhanhgiaothong@gmail.com", "nguyenduytan71@gmail.com", "nhtinh@cadpro.vn") SMSEvent 7 EmailEvent 15 
2017-01-05 09:34:44 LOOP 126300 SMSList ("") EmailList ("dieuhanhgiaothong@gmail.com", "nguyenduytan71@gmail.com", "nhtinh@cadpro.vn") SMSEvent 7 EmailEvent 15 
2017-01-05 09:59:45 LOOP 126600 SMSList ("") EmailList ("dieuhanhgiaothong@gmail.com", "nguyenduytan71@gmail.com", "nhtinh@cadpro.vn") SMSEvent 7 EmailEvent 15 
2017-01-05 10:24:46 LOOP 126900 SMSList ("") EmailList ("dieuhanhgiaothong@gmail.com", "nguyenduytan71@gmail.com", "nhtinh@cadpro.vn") SMSEvent 7 EmailEvent 15 
2017-01-05 10:49:47 LOOP 127200 SMSList ("") EmailList ("dieuhanhgiaothong@gmail.com", "nguyenduytan71@gmail.com", "nhtinh@cadpro.vn") SMSEvent 7 EmailEvent 15 
2017-01-05 11:14:48 LOOP 127500 SMSList ("") EmailList ("dieuhanhgiaothong@gmail.com", "nguyenduytan71@gmail.com", "nhtinh@cadpro.vn") SMSEvent 7 EmailEvent 15 
2017-01-05 11:39:49 LOOP 127800 SMSList ("") EmailList ("dieuhanhgiaothong@gmail.com", "nguyenduytan71@gmail.com", "nhtinh@cadpro.vn") SMSEvent 7 EmailEvent 15 
2017-01-05 12:04:49 LOOP 128100 SMSList ("") EmailList ("dieuhanhgiaothong@gmail.com", "nguyenduytan71@gmail.com", "nhtinh@cadpro.vn") SMSEvent 7 EmailEvent 15 
2017-01-05 12:29:50 LOOP 128400 SMSList ("") EmailList ("dieuhanhgiaothong@gmail.com", "nguyenduytan71@gmail.com", "nhtinh@cadpro.vn") SMSEvent 7 EmailEvent 15 
2017-01-05 12:54:51 LOOP 128700 SMSList ("") EmailList ("dieuhanhgiaothong@gmail.com", "nguyenduytan71@gmail.com", "nhtinh@cadpro.vn") SMSEvent 7 EmailEvent 15 
2017-01-05 13:19:52 LOOP 129000 SMSList ("") EmailList ("dieuhanhgiaothong@gmail.com", "nguyenduytan71@gmail.com", "nhtinh@cadpro.vn") SMSEvent 7 EmailEvent 15 
2017-01-05 13:44:53 LOOP 129300 SMSList ("") EmailList ("dieuhanhgiaothong@gmail.com", "nguyenduytan71@gmail.com", "nhtinh@cadpro.vn") SMSEvent 7 EmailEvent 15 
2017-01-05 14:09:54 LOOP 129600 SMSList ("") EmailList ("dieuhanhgiaothong@gmail.com", "nguyenduytan71@gmail.com", "nhtinh@cadpro.vn") SMSEvent 7 EmailEvent 15 
2017-01-05 14:34:55 LOOP 129900 SMSList ("") EmailList ("dieuhanhgiaothong@gmail.com", "nguyenduytan71@gmail.com", "nhtinh@cadpro.vn") SMSEvent 7 EmailEvent 15 
2017-01-05 14:59:56 LOOP 130200 SMSList ("") EmailList ("dieuhanhgiaothong@gmail.com", "nguyenduytan71@gmail.com", "nhtinh@cadpro.vn") SMSEvent 7 EmailEvent 15 
2017-01-05 15:24:57 LOOP 130500 SMSList ("") EmailList ("dieuhanhgiaothong@gmail.com", "nguyenduytan71@gmail.com", "nhtinh@cadpro.vn") SMSEvent 7 EmailEvent 15 
2017-01-05 15:49:58 LOOP 130800 SMSList ("") EmailList ("dieuhanhgiaothong@gmail.com", "nguyenduytan71@gmail.com", "nhtinh@cadpro.vn") SMSEvent 7 EmailEvent 15 
2017-01-05 16:14:59 LOOP 131100 SMSList ("") EmailList ("dieuhanhgiaothong@gmail.com", "nguyenduytan71@gmail.com", "nhtinh@cadpro.vn") SMSEvent 7 EmailEvent 15 
2017-01-05 16:40:00 LOOP 131400 SMSList ("") EmailList ("dieuhanhgiaothong@gmail.com", "nguyenduytan71@gmail.com", "nhtinh@cadpro.vn") SMSEvent 7 EmailEvent 15 
2017-01-05 17:05:01 LOOP 131700 SMSList ("") EmailList ("dieuhanhgiaothong@gmail.com", "nguyenduytan71@gmail.com", "nhtinh@cadpro.vn") SMSEvent 7 EmailEvent 15 
2017-01-05 17:30:02 LOOP 132000 SMSList ("") EmailList ("dieuhanhgiaothong@gmail.com", "nguyenduytan71@gmail.com", "nhtinh@cadpro.vn") SMSEvent 7 EmailEvent 15 
2017-01-05 17:55:03 LOOP 132300 SMSList ("") EmailList ("dieuhanhgiaothong@gmail.com", "nguyenduytan71@gmail.com", "nhtinh@cadpro.vn") SMSEvent 7 EmailEvent 15 
2017-01-05 18:20:04 LOOP 132600 SMSList ("") EmailList ("dieuhanhgiaothong@gmail.com", "nguyenduytan71@gmail.com", "nhtinh@cadpro.vn") SMSEvent 7 EmailEvent 15 
2017-01-05 18:45:05 LOOP 132900 SMSList ("") EmailList ("dieuhanhgiaothong@gmail.com", "nguyenduytan71@gmail.com", "nhtinh@cadpro.vn") SMSEvent 7 EmailEvent 15 
2017-01-05 19:10:06 LOOP 133200 SMSList ("") EmailList ("dieuhanhgiaothong@gmail.com", "nguyenduytan71@gmail.com", "nhtinh@cadpro.vn") SMSEvent 7 EmailEvent 15 
2017-01-05 19:35:07 LOOP 133500 SMSList ("") EmailList ("dieuhanhgiaothong@gmail.com", "nguyenduytan71@gmail.com", "nhtinh@cadpro.vn") SMSEvent 7 EmailEvent 15 
2017-01-05 20:00:08 LOOP 133800 SMSList ("") EmailList ("dieuhanhgiaothong@gmail.com", "nguyenduytan71@gmail.com", "nhtinh@cadpro.vn") SMSEvent 7 EmailEvent 15 
2017-01-05 20:25:09 LOOP 134100 SMSList ("") EmailList ("dieuhanhgiaothong@gmail.com", "nguyenduytan71@gmail.com", "nhtinh@cadpro.vn") SMSEvent 7 EmailEvent 15 
2017-01-05 20:50:09 LOOP 134400 SMSList ("") EmailList ("dieuhanhgiaothong@gmail.com", "nguyenduytan71@gmail.com", "nhtinh@cadpro.vn") SMSEvent 7 EmailEvent 15 
2017-01-05 21:15:10 LOOP 134700 SMSList ("") EmailList ("dieuhanhgiaothong@gmail.com", "nguyenduytan71@gmail.com", "nhtinh@cadpro.vn") SMSEvent 7 EmailEvent 15 
2017-01-05 21:36:36 "Open DatabaseName = localvnm,HostName = localhost,AliasName =SendMailLocalDatabase0,Error :Can't connect to local MySQL server through socket '/var/lib/mysql/mysql.sock' (2) QMYSQL: Unable to connect" 
2017-01-05 21:36:36 "Exec Query[select thamso_giatri from tbl_thamso where thamso_ten='SMSList'], error[MySQL server has gone away QMYSQL: Unable to execute query], host[localhost], database[localvnm], alias[SendMailLocalDatabase0]" 
2017-01-05 21:36:36 QSqlQuery::exec: database not open
2017-01-05 21:36:36 QSqlQuery::exec: database not open
2017-01-05 21:36:36 QSqlQuery::exec: database not open
2017-01-05 21:36:36 "Open DatabaseName = localvnm,HostName = localhost,AliasName =SendMailLocalDatabase0,Error :Can't connect to local MySQL server through socket '/var/lib/mysql/mysql.sock' (2) QMYSQL: Unable to connect" 
2017-01-05 21:36:36 SQL error "Driver not loaded Driver not loaded" 
2017-01-05 21:36:36 QSqlDatabasePrivate::removeDatabase: connection 'SendMailLocalDatabase0' is still in use, all queries will cease to work.
2017-01-05 21:36:41 "Open DatabaseName = localvnm,HostName = localhost,AliasName =SendMailLocalDatabase0,Error :Can't connect to local MySQL server through socket '/var/lib/mysql/mysql.sock' (2) QMYSQL: Unable to connect" 
2017-01-05 21:36:41 Open database error ::exit(1); 
2017-01-05 21:38:45 "Open DatabaseName = localvnm,HostName = localhost,AliasName =SendMailLocalDatabase0,Error :Can't connect to local MySQL server through socket '/var/lib/mysql/mysql.sock' (2) QMYSQL: Unable to connect" 
2017-01-05 21:38:45 Open database error ::exit(1); 
2017-01-05 21:38:50 "Open DatabaseName = localvnm,HostName = localhost,AliasName =SendMailLocalDatabase0,Error :Can't connect to local MySQL server through socket '/var/lib/mysql/mysql.sock' (2) QMYSQL: Unable to connect" 
2017-01-05 21:38:50 Open database error ::exit(1); 
2017-01-05 21:38:55 "Open DatabaseName = localvnm,HostName = localhost,AliasName =SendMailLocalDatabase0,Error :Can't connect to local MySQL server through socket '/var/lib/mysql/mysql.sock' (2) QMYSQL: Unable to connect" 
2017-01-05 21:38:55 Open database error ::exit(1); 
2017-01-05 21:39:00 "Open DatabaseName = localvnm,HostName = localhost,AliasName =SendMailLocalDatabase0,Error :Can't connect to local MySQL server through socket '/var/lib/mysql/mysql.sock' (2) QMYSQL: Unable to connect" 
2017-01-05 21:39:00 Open database error ::exit(1); 
2017-01-05 21:39:05 "Open DatabaseName = localvnm,HostName = localhost,AliasName =SendMailLocalDatabase0,Error :Can't connect to local MySQL server through socket '/var/lib/mysql/mysql.sock' (2) QMYSQL: Unable to connect" 
2017-01-05 21:39:05 Open database error ::exit(1); 
2017-01-05 21:39:10 "Open DatabaseName = localvnm,HostName = localhost,AliasName =SendMailLocalDatabase0,Error :Can't connect to local MySQL server through socket '/var/lib/mysql/mysql.sock' (2) QMYSQL: Unable to connect" 
2017-01-05 21:39:10 Open database error ::exit(1); 
2017-01-05 21:39:15 "Open DatabaseName = localvnm,HostName = localhost,AliasName =SendMailLocalDatabase0,Error :Can't connect to local MySQL server through socket '/var/lib/mysql/mysql.sock' (2) QMYSQL: Unable to connect" 
2017-01-05 21:39:15 Open database error ::exit(1); 
2017-01-05 21:39:20 "Open DatabaseName = localvnm,HostName = localhost,AliasName =SendMailLocalDatabase0,Error :Can't connect to local MySQL server through socket '/var/lib/mysql/mysql.sock' (2) QMYSQL: Unable to connect" 
2017-01-05 21:39:20 Open database error ::exit(1); 
2017-01-05 21:39:25 "Open DatabaseName = localvnm,HostName = localhost,AliasName =SendMailLocalDatabase0,Error :Can't connect to local MySQL server through socket '/var/lib/mysql/mysql.sock' (2) QMYSQL: Unable to connect" 
2017-01-05 21:39:25 Open database error ::exit(1); 
2017-01-05 21:39:30 "Open DatabaseName = localvnm,HostName = localhost,AliasName =SendMailLocalDatabase0,Error :Can't connect to local MySQL server through socket '/var/lib/mysql/mysql.sock' (2) QMYSQL: Unable to connect" 
2017-01-05 21:39:30 Open database error ::exit(1); 
2017-01-05 21:39:35 "Open DatabaseName = localvnm,HostName = localhost,AliasName =SendMailLocalDatabase0,Error :Can't connect to local MySQL server through socket '/var/lib/mysql/mysql.sock' (2) QMYSQL: Unable to connect" 
2017-01-05 21:39:35 Open database error ::exit(1); 
2017-01-05 21:39:40 "Open DatabaseName = localvnm,HostName = localhost,AliasName =SendMailLocalDatabase0,Error :Can't connect to local MySQL server through socket '/var/lib/mysql/mysql.sock' (2) QMYSQL: Unable to connect" 
2017-01-05 21:39:40 Open database error ::exit(1); 
2017-01-05 21:39:45 "Open DatabaseName = localvnm,HostName = localhost,AliasName =SendMailLocalDatabase0,Error :Can't connect to local MySQL server through socket '/var/lib/mysql/mysql.sock' (2) QMYSQL: Unable to connect" 
2017-01-05 21:39:45 Open database error ::exit(1); 
2017-01-05 21:39:50 "Open DatabaseName = localvnm,HostName = localhost,AliasName =SendMailLocalDatabase0,Error :Can't connect to local MySQL server through socket '/var/lib/mysql/mysql.sock' (2) QMYSQL: Unable to connect" 
2017-01-05 21:39:50 Open database error ::exit(1); 
2017-01-05 21:39:55 "Open DatabaseName = localvnm,HostName = localhost,AliasName =SendMailLocalDatabase0,Error :Can't connect to local MySQL server through socket '/var/lib/mysql/mysql.sock' (2) QMYSQL: Unable to connect" 
2017-01-05 21:39:55 Open database error ::exit(1); 
2017-01-05 21:40:00 "Open DatabaseName = localvnm,HostName = localhost,AliasName =SendMailLocalDatabase0,Error :Can't connect to local MySQL server through socket '/var/lib/mysql/mysql.sock' (2) QMYSQL: Unable to connect" 
2017-01-05 21:40:00 Open database error ::exit(1); 
2017-01-05 21:40:05 "Open DatabaseName = localvnm,HostName = localhost,AliasName =SendMailLocalDatabase0,Error :Can't connect to local MySQL server through socket '/var/lib/mysql/mysql.sock' (2) QMYSQL: Unable to connect" 
2017-01-05 21:40:05 Open database error ::exit(1); 
2017-01-05 21:40:10 "Open DatabaseName = localvnm,HostName = localhost,AliasName =SendMailLocalDatabase0,Error :Can't connect to local MySQL server through socket '/var/lib/mysql/mysql.sock' (2) QMYSQL: Unable to connect" 
2017-01-05 21:40:10 Open database error ::exit(1); 
2017-01-05 21:40:15 "Open DatabaseName = localvnm,HostName = localhost,AliasName =SendMailLocalDatabase0,Error :Can't connect to local MySQL server through socket '/var/lib/mysql/mysql.sock' (2) QMYSQL: Unable to connect" 
2017-01-05 21:40:15 Open database error ::exit(1); 
2017-01-05 21:40:20 "Open DatabaseName = localvnm,HostName = localhost,AliasName =SendMailLocalDatabase0,Error :Can't connect to local MySQL server through socket '/var/lib/mysql/mysql.sock' (2) QMYSQL: Unable to connect" 
2017-01-05 21:40:20 Open database error ::exit(1); 
2017-01-05 21:40:25 "Open DatabaseName = localvnm,HostName = localhost,AliasName =SendMailLocalDatabase0,Error :Can't connect to local MySQL server through socket '/var/lib/mysql/mysql.sock' (2) QMYSQL: Unable to connect" 
2017-01-05 21:40:25 Open database error ::exit(1); 
2017-01-05 21:40:30 "Open DatabaseName = localvnm,HostName = localhost,AliasName =SendMailLocalDatabase0,Error :Can't connect to local MySQL server through socket '/var/lib/mysql/mysql.sock' (2) QMYSQL: Unable to connect" 
2017-01-05 21:40:30 Open database error ::exit(1); 
2017-01-05 21:40:35 "Open DatabaseName = localvnm,HostName = localhost,AliasName =SendMailLocalDatabase0,Error :Can't connect to local MySQL server through socket '/var/lib/mysql/mysql.sock' (2) QMYSQL: Unable to connect" 
2017-01-05 21:40:35 Open database error ::exit(1); 
2017-01-05 21:40:40 "Open DatabaseName = localvnm,HostName = localhost,AliasName =SendMailLocalDatabase0,Error :Can't connect to local MySQL server through socket '/var/lib/mysql/mysql.sock' (2) QMYSQL: Unable to connect" 
2017-01-05 21:40:40 Open database error ::exit(1); 
2017-01-05 21:40:45 "Open DatabaseName = localvnm,HostName = localhost,AliasName =SendMailLocalDatabase0,Error :Can't connect to local MySQL server through socket '/var/lib/mysql/mysql.sock' (2) QMYSQL: Unable to connect" 
2017-01-05 21:40:45 Open database error ::exit(1); 
2017-01-05 21:40:50 "Open DatabaseName = localvnm,HostName = localhost,AliasName =SendMailLocalDatabase0,Error :Can't connect to local MySQL server through socket '/var/lib/mysql/mysql.sock' (2) QMYSQL: Unable to connect" 
2017-01-05 21:40:50 Open database error ::exit(1); 
2017-01-05 21:40:55 "Open DatabaseName = localvnm,HostName = localhost,AliasName =SendMailLocalDatabase0,Error :Can't connect to local MySQL server through socket '/var/lib/mysql/mysql.sock' (2) QMYSQL: Unable to connect" 
2017-01-05 21:40:55 Open database error ::exit(1); 
2017-01-05 21:41:00 "Open DatabaseName = localvnm,HostName = localhost,AliasName =SendMailLocalDatabase0,Error :Can't connect to local MySQL server through socket '/var/lib/mysql/mysql.sock' (2) QMYSQL: Unable to connect" 
2017-01-05 21:41:00 Open database error ::exit(1); 
2017-01-05 21:41:05 "Open DatabaseName = localvnm,HostName = localhost,AliasName =SendMailLocalDatabase0,Error :Can't connect to local MySQL server through socket '/var/lib/mysql/mysql.sock' (2) QMYSQL: Unable to connect" 
2017-01-05 21:41:05 Open database error ::exit(1); 
2017-01-05 21:41:10 "Open DatabaseName = localvnm,HostName = localhost,AliasName =SendMailLocalDatabase0,Error :Can't connect to local MySQL server through socket '/var/lib/mysql/mysql.sock' (2) QMYSQL: Unable to connect" 
2017-01-05 21:41:10 Open database error ::exit(1); 
2017-01-05 21:41:15 "Open DatabaseName = localvnm,HostName = localhost,AliasName =SendMailLocalDatabase0,Error :Can't connect to local MySQL server through socket '/var/lib/mysql/mysql.sock' (2) QMYSQL: Unable to connect" 
2017-01-05 21:41:15 Open database error ::exit(1); 
2017-01-05 21:41:20 "Open DatabaseName = localvnm,HostName = localhost,AliasName =SendMailLocalDatabase0,Error :Can't connect to local MySQL server through socket '/var/lib/mysql/mysql.sock' (2) QMYSQL: Unable to connect" 
2017-01-05 21:41:20 Open database error ::exit(1); 
2017-01-05 21:41:25 "Open DatabaseName = localvnm,HostName = localhost,AliasName =SendMailLocalDatabase0,Error :Can't connect to local MySQL server through socket '/var/lib/mysql/mysql.sock' (2) QMYSQL: Unable to connect" 
2017-01-05 21:41:25 Open database error ::exit(1); 
2017-01-05 21:41:30 "Open DatabaseName = localvnm,HostName = localhost,AliasName =SendMailLocalDatabase0,Error :Can't connect to local MySQL server through socket '/var/lib/mysql/mysql.sock' (2) QMYSQL: Unable to connect" 
2017-01-05 21:41:30 Open database error ::exit(1); 
2017-01-05 21:41:35 "Open DatabaseName = localvnm,HostName = localhost,AliasName =SendMailLocalDatabase0,Error :Can't connect to local MySQL server through socket '/var/lib/mysql/mysql.sock' (2) QMYSQL: Unable to connect" 
2017-01-05 21:41:35 Open database error ::exit(1); 
2017-01-05 21:41:40 "Open DatabaseName = localvnm,HostName = localhost,AliasName =SendMailLocalDatabase0,Error :Can't connect to local MySQL server through socket '/var/lib/mysql/mysql.sock' (2) QMYSQL: Unable to connect" 
2017-01-05 21:41:40 Open database error ::exit(1); 
2017-01-05 21:41:45 "Open DatabaseName = localvnm,HostName = localhost,AliasName =SendMailLocalDatabase0,Error :Can't connect to local MySQL server through socket '/var/lib/mysql/mysql.sock' (2) QMYSQL: Unable to connect" 
2017-01-05 21:41:45 Open database error ::exit(1); 
2017-01-05 21:41:50 "Open DatabaseName = localvnm,HostName = localhost,AliasName =SendMailLocalDatabase0,Error :Can't connect to local MySQL server through socket '/var/lib/mysql/mysql.sock' (2) QMYSQL: Unable to connect" 
2017-01-05 21:41:50 Open database error ::exit(1); 
2017-01-05 21:41:55 "Open DatabaseName = localvnm,HostName = localhost,AliasName =SendMailLocalDatabase0,Error :Can't connect to local MySQL server through socket '/var/lib/mysql/mysql.sock' (2) QMYSQL: Unable to connect" 
2017-01-05 21:41:55 Open database error ::exit(1); 
2017-01-05 21:42:00 "Open DatabaseName = localvnm,HostName = localhost,AliasName =SendMailLocalDatabase0,Error :Can't connect to local MySQL server through socket '/var/lib/mysql/mysql.sock' (2) QMYSQL: Unable to connect" 
2017-01-05 21:42:00 Open database error ::exit(1); 
2017-01-05 21:42:05 "Open DatabaseName = localvnm,HostName = localhost,AliasName =SendMailLocalDatabase0,Error :Can't connect to local MySQL server through socket '/var/lib/mysql/mysql.sock' (2) QMYSQL: Unable to connect" 
2017-01-05 21:42:05 Open database error ::exit(1); 
2017-01-05 21:42:10 "Open DatabaseName = localvnm,HostName = localhost,AliasName =SendMailLocalDatabase0,Error :Can't connect to local MySQL server through socket '/var/lib/mysql/mysql.sock' (2) QMYSQL: Unable to connect" 
2017-01-05 21:42:10 Open database error ::exit(1); 
2017-01-05 21:42:15 "Open DatabaseName = localvnm,HostName = localhost,AliasName =SendMailLocalDatabase0,Error :Can't connect to local MySQL server through socket '/var/lib/mysql/mysql.sock' (2) QMYSQL: Unable to connect" 
2017-01-05 21:42:15 Open database error ::exit(1); 
2017-01-05 21:42:20 "Open DatabaseName = localvnm,HostName = localhost,AliasName =SendMailLocalDatabase0,Error :Can't connect to local MySQL server through socket '/var/lib/mysql/mysql.sock' (2) QMYSQL: Unable to connect" 
2017-01-05 21:42:20 Open database error ::exit(1); 
2017-01-05 21:42:25 "Open DatabaseName = localvnm,HostName = localhost,AliasName =SendMailLocalDatabase0,Error :Can't connect to local MySQL server through socket '/var/lib/mysql/mysql.sock' (2) QMYSQL: Unable to connect" 
2017-01-05 21:42:25 Open database error ::exit(1); 
2017-01-05 21:42:30 "Open DatabaseName = localvnm,HostName = localhost,AliasName =SendMailLocalDatabase0,Ok" 
2017-01-05 21:49:51 "Open DatabaseName = localvnm,HostName = localhost,AliasName =SendMailLocalDatabase0,Error :Can't connect to local MySQL server through socket '/var/lib/mysql/mysql.sock' (2) QMYSQL: Unable to connect" 
2017-01-05 21:49:51 Open database error ::exit(1); 
2017-01-05 21:49:56 "Open DatabaseName = localvnm,HostName = localhost,AliasName =SendMailLocalDatabase0,Error :Can't connect to local MySQL server through socket '/var/lib/mysql/mysql.sock' (2) QMYSQL: Unable to connect" 
2017-01-05 21:49:56 Open database error ::exit(1); 
2017-01-05 21:50:01 "Open DatabaseName = localvnm,HostName = localhost,AliasName =SendMailLocalDatabase0,Error :Can't connect to local MySQL server through socket '/var/lib/mysql/mysql.sock' (2) QMYSQL: Unable to connect" 
2017-01-05 21:50:01 Open database error ::exit(1); 
2017-01-05 21:50:06 "Open DatabaseName = localvnm,HostName = localhost,AliasName =SendMailLocalDatabase0,Error :Can't connect to local MySQL server through socket '/var/lib/mysql/mysql.sock' (2) QMYSQL: Unable to connect" 
2017-01-05 21:50:06 Open database error ::exit(1); 
2017-01-05 21:50:11 "Open DatabaseName = localvnm,HostName = localhost,AliasName =SendMailLocalDatabase0,Error :Can't connect to local MySQL server through socket '/var/lib/mysql/mysql.sock' (2) QMYSQL: Unable to connect" 
2017-01-05 21:50:11 Open database error ::exit(1); 
2017-01-05 21:50:16 "Open DatabaseName = localvnm,HostName = localhost,AliasName =SendMailLocalDatabase0,Error :Can't connect to local MySQL server through socket '/var/lib/mysql/mysql.sock' (2) QMYSQL: Unable to connect" 
2017-01-05 21:50:16 Open database error ::exit(1); 
2017-01-05 21:50:21 "Open DatabaseName = localvnm,HostName = localhost,AliasName =SendMailLocalDatabase0,Error :Can't connect to local MySQL server through socket '/var/lib/mysql/mysql.sock' (2) QMYSQL: Unable to connect" 
2017-01-05 21:50:21 Open database error ::exit(1); 
2017-01-05 21:50:26 "Open DatabaseName = localvnm,HostName = localhost,AliasName =SendMailLocalDatabase0,Error :Can't connect to local MySQL server through socket '/var/lib/mysql/mysql.sock' (2) QMYSQL: Unable to connect" 
2017-01-05 21:50:26 Open database error ::exit(1); 
2017-01-05 21:50:31 "Open DatabaseName = localvnm,HostName = localhost,AliasName =SendMailLocalDatabase0,Error :Can't connect to local MySQL server through socket '/var/lib/mysql/mysql.sock' (2) QMYSQL: Unable to connect" 
2017-01-05 21:50:31 Open database error ::exit(1); 
2017-01-05 21:50:36 "Open DatabaseName = localvnm,HostName = localhost,AliasName =SendMailLocalDatabase0,Error :Can't connect to local MySQL server through socket '/var/lib/mysql/mysql.sock' (2) QMYSQL: Unable to connect" 
2017-01-05 21:50:36 Open database error ::exit(1); 
2017-01-05 21:50:41 "Open DatabaseName = localvnm,HostName = localhost,AliasName =SendMailLocalDatabase0,Error :Can't connect to local MySQL server through socket '/var/lib/mysql/mysql.sock' (2) QMYSQL: Unable to connect" 
2017-01-05 21:50:41 Open database error ::exit(1); 
2017-01-05 21:50:46 "Open DatabaseName = localvnm,HostName = localhost,AliasName =SendMailLocalDatabase0,Error :Can't connect to local MySQL server through socket '/var/lib/mysql/mysql.sock' (2) QMYSQL: Unable to connect" 
2017-01-05 21:50:46 Open database error ::exit(1); 
2017-01-05 21:50:51 "Open DatabaseName = localvnm,HostName = localhost,AliasName =SendMailLocalDatabase0,Error :Can't connect to local MySQL server through socket '/var/lib/mysql/mysql.sock' (2) QMYSQL: Unable to connect" 
2017-01-05 21:50:51 Open database error ::exit(1); 
2017-01-05 21:50:56 "Open DatabaseName = localvnm,HostName = localhost,AliasName =SendMailLocalDatabase0,Ok" 
2017-01-05 21:51:03 LOOP 0 SMSList ("") EmailList ("dieuhanhgiaothong@gmail.com", "nguyenduytan71@gmail.com", "nhtinh@cadpro.vn") SMSEvent 7 EmailEvent 15 
2017-01-05 22:10:52 "Exec Query[update tbl_cam set cam_analytics_stat=0 where cam_analytics_stat=1 and cam_analytics_time<subtime(now(),'00:05:00')], error[Deadlock found when trying to get lock; try restarting transaction QMYSQL: Unable to execute query], host[localhost], database[localvnm], alias[SendMailLocalDatabase0]" 
