2017-08-01 00:20:38 LOOP 14400 SMSList ("") EmailList ("dieuhanhgiaothong@gmail.com", "nguyenduytan71@gmail.com") SMSEvent 7 EmailEvent 15 
2017-08-01 00:46:07 LOOP 14700 SMSList ("") EmailList ("dieuhanhgiaothong@gmail.com", "nguyenduytan71@gmail.com") SMSEvent 7 EmailEvent 15 
2017-08-01 01:11:37 LOOP 15000 SMSList ("") EmailList ("dieuhanhgiaothong@gmail.com", "nguyenduytan71@gmail.com") SMSEvent 7 EmailEvent 15 
2017-08-01 01:37:07 LOOP 15300 SMSList ("") EmailList ("dieuhanhgiaothong@gmail.com", "nguyenduytan71@gmail.com") SMSEvent 7 EmailEvent 15 
2017-08-01 02:02:37 LOOP 15600 SMSList ("") EmailList ("dieuhanhgiaothong@gmail.com", "nguyenduytan71@gmail.com") SMSEvent 7 EmailEvent 15 
2017-08-01 02:28:06 LOOP 15900 SMSList ("") EmailList ("dieuhanhgiaothong@gmail.com", "nguyenduytan71@gmail.com") SMSEvent 7 EmailEvent 15 
2017-08-01 02:53:36 LOOP 16200 SMSList ("") EmailList ("dieuhanhgiaothong@gmail.com", "nguyenduytan71@gmail.com") SMSEvent 7 EmailEvent 15 
2017-08-01 03:18:14 "Open DatabaseName = localvnm,HostName = 10.0.0.5,AliasName =SendMailLocalDatabase0,Ok" 
2017-08-01 03:18:14 LOOP 0 SMSList ("") EmailList ("dieuhanhgiaothong@gmail.com", "nguyenduytan71@gmail.com") SMSEvent 7 EmailEvent 15 
2017-08-01 03:43:45 LOOP 300 SMSList ("") EmailList ("dieuhanhgiaothong@gmail.com", "nguyenduytan71@gmail.com") SMSEvent 7 EmailEvent 15 
2017-08-01 04:09:15 LOOP 600 SMSList ("") EmailList ("dieuhanhgiaothong@gmail.com", "nguyenduytan71@gmail.com") SMSEvent 7 EmailEvent 15 
2017-08-01 04:34:45 LOOP 900 SMSList ("") EmailList ("dieuhanhgiaothong@gmail.com", "nguyenduytan71@gmail.com") SMSEvent 7 EmailEvent 15 
2017-08-01 05:00:15 LOOP 1200 SMSList ("") EmailList ("dieuhanhgiaothong@gmail.com", "nguyenduytan71@gmail.com") SMSEvent 7 EmailEvent 15 
2017-08-01 05:25:45 LOOP 1500 SMSList ("") EmailList ("dieuhanhgiaothong@gmail.com", "nguyenduytan71@gmail.com") SMSEvent 7 EmailEvent 15 
2017-08-01 05:51:16 LOOP 1800 SMSList ("") EmailList ("dieuhanhgiaothong@gmail.com", "nguyenduytan71@gmail.com") SMSEvent 7 EmailEvent 15 
2017-08-01 06:16:46 LOOP 2100 SMSList ("") EmailList ("dieuhanhgiaothong@gmail.com", "nguyenduytan71@gmail.com") SMSEvent 7 EmailEvent 15 
2017-08-01 06:42:17 LOOP 2400 SMSList ("") EmailList ("dieuhanhgiaothong@gmail.com", "nguyenduytan71@gmail.com") SMSEvent 7 EmailEvent 15 
2017-08-01 07:07:49 LOOP 2700 SMSList ("") EmailList ("dieuhanhgiaothong@gmail.com", "nguyenduytan71@gmail.com") SMSEvent 7 EmailEvent 15 
2017-08-01 07:33:21 LOOP 3000 SMSList ("") EmailList ("dieuhanhgiaothong@gmail.com", "nguyenduytan71@gmail.com") SMSEvent 7 EmailEvent 15 
2017-08-01 07:58:56 LOOP 3300 SMSList ("") EmailList ("dieuhanhgiaothong@gmail.com", "nguyenduytan71@gmail.com") SMSEvent 7 EmailEvent 15 
2017-08-01 08:24:32 LOOP 3600 SMSList ("") EmailList ("dieuhanhgiaothong@gmail.com", "nguyenduytan71@gmail.com") SMSEvent 7 EmailEvent 15 
2017-08-01 08:51:26 LOOP 3900 SMSList ("") EmailList ("dieuhanhgiaothong@gmail.com", "nguyenduytan71@gmail.com") SMSEvent 7 EmailEvent 15 
2017-08-01 09:19:14 LOOP 4200 SMSList ("") EmailList ("dieuhanhgiaothong@gmail.com", "nguyenduytan71@gmail.com") SMSEvent 7 EmailEvent 15 
2017-08-01 09:44:49 LOOP 4500 SMSList ("") EmailList ("dieuhanhgiaothong@gmail.com", "nguyenduytan71@gmail.com") SMSEvent 7 EmailEvent 15 
2017-08-01 10:10:29 LOOP 4800 SMSList ("") EmailList ("dieuhanhgiaothong@gmail.com", "nguyenduytan71@gmail.com") SMSEvent 7 EmailEvent 15 
2017-08-01 10:37:14 LOOP 5100 SMSList ("") EmailList ("dieuhanhgiaothong@gmail.com", "nguyenduytan71@gmail.com") SMSEvent 7 EmailEvent 15 
2017-08-01 11:02:49 LOOP 5400 SMSList ("") EmailList ("dieuhanhgiaothong@gmail.com", "nguyenduytan71@gmail.com") SMSEvent 7 EmailEvent 15 
2017-08-01 11:28:28 LOOP 5700 SMSList ("") EmailList ("dieuhanhgiaothong@gmail.com", "nguyenduytan71@gmail.com") SMSEvent 7 EmailEvent 15 
2017-08-01 11:54:22 LOOP 6000 SMSList ("") EmailList ("dieuhanhgiaothong@gmail.com", "nguyenduytan71@gmail.com") SMSEvent 7 EmailEvent 15 
2017-08-01 12:20:12 LOOP 6300 SMSList ("") EmailList ("dieuhanhgiaothong@gmail.com", "nguyenduytan71@gmail.com") SMSEvent 7 EmailEvent 15 
2017-08-01 12:45:44 LOOP 6600 SMSList ("") EmailList ("dieuhanhgiaothong@gmail.com", "nguyenduytan71@gmail.com") SMSEvent 7 EmailEvent 15 
2017-08-01 13:11:17 LOOP 6900 SMSList ("") EmailList ("dieuhanhgiaothong@gmail.com", "nguyenduytan71@gmail.com") SMSEvent 7 EmailEvent 15 
2017-08-01 13:36:48 LOOP 7200 SMSList ("") EmailList ("dieuhanhgiaothong@gmail.com", "nguyenduytan71@gmail.com") SMSEvent 7 EmailEvent 15 
2017-08-01 13:59:24 "Exec Query[update tbl_cam set cam_analytics_stat=0 where cam_analytics_stat=1 and cam_analytics_time<subtime(now(),'00:05:00')], error[Deadlock found when trying to get lock; try restarting transaction QMYSQL: Unable to execute query], host[10.0.0.5], database[localvnm], alias[SendMailLocalDatabase0]" 
2017-08-01 13:59:24 "Exec Query[update tbl_cam set cam_vehicle_stat=0 where cam_vehicle_stat=1 and cam_vehicle_time<subtime(now(),'00:20:00')], error[Deadlock found when trying to get lock; try restarting transaction QMYSQL: Unable to execute query], host[10.0.0.5], database[localvnm], alias[SendMailLocalDatabase0]" 
2017-08-01 13:59:30 "Exec Query[update tbl_cam set cam_video_stat=0 where cam_video_stat=1 and cam_videotime<subtime(now(),'00:03:00')], error[Deadlock found when trying to get lock; try restarting transaction QMYSQL: Unable to execute query], host[10.0.0.5], database[localvnm], alias[SendMailLocalDatabase0]" 
2017-08-01 14:02:24 LOOP 7500 SMSList ("") EmailList ("dieuhanhgiaothong@gmail.com", "nguyenduytan71@gmail.com") SMSEvent 7 EmailEvent 15 
2017-08-01 14:27:59 LOOP 7800 SMSList ("") EmailList ("dieuhanhgiaothong@gmail.com", "nguyenduytan71@gmail.com") SMSEvent 7 EmailEvent 15 
2017-08-01 14:54:00 LOOP 8100 SMSList ("") EmailList ("dieuhanhgiaothong@gmail.com", "nguyenduytan71@gmail.com") SMSEvent 7 EmailEvent 15 
2017-08-01 15:21:37 LOOP 8400 SMSList ("") EmailList ("dieuhanhgiaothong@gmail.com", "nguyenduytan71@gmail.com") SMSEvent 7 EmailEvent 15 
2017-08-01 15:49:25 LOOP 8700 SMSList ("") EmailList ("dieuhanhgiaothong@gmail.com", "nguyenduytan71@gmail.com") SMSEvent 7 EmailEvent 15 
2017-08-01 16:15:15 LOOP 9000 SMSList ("") EmailList ("dieuhanhgiaothong@gmail.com", "nguyenduytan71@gmail.com") SMSEvent 7 EmailEvent 15 
2017-08-01 16:41:40 LOOP 9300 SMSList ("") EmailList ("dieuhanhgiaothong@gmail.com", "nguyenduytan71@gmail.com") SMSEvent 7 EmailEvent 15 
2017-08-01 17:07:32 LOOP 9600 SMSList ("") EmailList ("dieuhanhgiaothong@gmail.com", "nguyenduytan71@gmail.com") SMSEvent 7 EmailEvent 15 
2017-08-01 17:34:10 LOOP 9900 SMSList ("") EmailList ("dieuhanhgiaothong@gmail.com", "nguyenduytan71@gmail.com") SMSEvent 7 EmailEvent 15 
2017-08-01 17:59:47 LOOP 10200 SMSList ("") EmailList ("dieuhanhgiaothong@gmail.com", "nguyenduytan71@gmail.com") SMSEvent 7 EmailEvent 15 
2017-08-01 18:25:20 LOOP 10500 SMSList ("") EmailList ("dieuhanhgiaothong@gmail.com", "nguyenduytan71@gmail.com") SMSEvent 7 EmailEvent 15 
2017-08-01 18:50:54 LOOP 10800 SMSList ("") EmailList ("dieuhanhgiaothong@gmail.com", "nguyenduytan71@gmail.com") SMSEvent 7 EmailEvent 15 
2017-08-01 19:16:27 LOOP 11100 SMSList ("") EmailList ("dieuhanhgiaothong@gmail.com", "nguyenduytan71@gmail.com") SMSEvent 7 EmailEvent 15 
2017-08-01 19:42:14 LOOP 11400 SMSList ("") EmailList ("dieuhanhgiaothong@gmail.com", "nguyenduytan71@gmail.com") SMSEvent 7 EmailEvent 15 
2017-08-01 20:07:46 LOOP 11700 SMSList ("") EmailList ("dieuhanhgiaothong@gmail.com", "nguyenduytan71@gmail.com") SMSEvent 7 EmailEvent 15 
2017-08-01 20:33:17 LOOP 12000 SMSList ("") EmailList ("dieuhanhgiaothong@gmail.com", "nguyenduytan71@gmail.com") SMSEvent 7 EmailEvent 15 
2017-08-01 20:58:49 LOOP 12300 SMSList ("") EmailList ("dieuhanhgiaothong@gmail.com", "nguyenduytan71@gmail.com") SMSEvent 7 EmailEvent 15 
2017-08-01 21:24:22 LOOP 12600 SMSList ("") EmailList ("dieuhanhgiaothong@gmail.com", "nguyenduytan71@gmail.com") SMSEvent 7 EmailEvent 15 
2017-08-01 21:50:08 LOOP 12900 SMSList ("") EmailList ("dieuhanhgiaothong@gmail.com", "nguyenduytan71@gmail.com") SMSEvent 7 EmailEvent 15 
2017-08-01 22:15:39 LOOP 13200 SMSList ("") EmailList ("dieuhanhgiaothong@gmail.com", "nguyenduytan71@gmail.com") SMSEvent 7 EmailEvent 15 
2017-08-01 22:41:10 LOOP 13500 SMSList ("") EmailList ("dieuhanhgiaothong@gmail.com", "nguyenduytan71@gmail.com") SMSEvent 7 EmailEvent 15 
2017-08-01 23:06:42 LOOP 13800 SMSList ("") EmailList ("dieuhanhgiaothong@gmail.com", "nguyenduytan71@gmail.com") SMSEvent 7 EmailEvent 15 
2017-08-01 23:32:12 LOOP 14100 SMSList ("") EmailList ("dieuhanhgiaothong@gmail.com", "nguyenduytan71@gmail.com") SMSEvent 7 EmailEvent 15 
2017-08-01 23:57:43 LOOP 14400 SMSList ("") EmailList ("dieuhanhgiaothong@gmail.com", "nguyenduytan71@gmail.com") SMSEvent 7 EmailEvent 15 
