2018-01-13 00:23:57 LOOP 14700 SMSList ("") EmailList ("dieuhanhgiaothong@gmail.com", "nguyenduytan71@gmail.com") SMSEvent 7 EmailEvent 15 
2018-01-13 00:49:34 LOOP 15000 SMSList ("") EmailList ("dieuhanhgiaothong@gmail.com", "nguyenduytan71@gmail.com") SMSEvent 7 EmailEvent 15 
2018-01-13 01:15:12 LOOP 15300 SMSList ("") EmailList ("dieuhanhgiaothong@gmail.com", "nguyenduytan71@gmail.com") SMSEvent 7 EmailEvent 15 
2018-01-13 01:40:49 LOOP 15600 SMSList ("") EmailList ("dieuhanhgiaothong@gmail.com", "nguyenduytan71@gmail.com") SMSEvent 7 EmailEvent 15 
2018-01-13 02:06:27 LOOP 15900 SMSList ("") EmailList ("dieuhanhgiaothong@gmail.com", "nguyenduytan71@gmail.com") SMSEvent 7 EmailEvent 15 
2018-01-13 02:32:04 LOOP 16200 SMSList ("") EmailList ("dieuhanhgiaothong@gmail.com", "nguyenduytan71@gmail.com") SMSEvent 7 EmailEvent 15 
2018-01-13 02:57:41 LOOP 16500 SMSList ("") EmailList ("dieuhanhgiaothong@gmail.com", "nguyenduytan71@gmail.com") SMSEvent 7 EmailEvent 15 
2018-01-13 03:23:18 LOOP 16800 SMSList ("") EmailList ("dieuhanhgiaothong@gmail.com", "nguyenduytan71@gmail.com") SMSEvent 7 EmailEvent 15 
2018-01-13 03:35:13 "Open DatabaseName = localvnm,HostName = 10.0.0.5,AliasName =SendMailLocalDatabase0,Ok" 
2018-01-13 03:35:13 LOOP 0 SMSList ("") EmailList ("dieuhanhgiaothong@gmail.com", "nguyenduytan71@gmail.com") SMSEvent 7 EmailEvent 15 
2018-01-13 04:00:51 LOOP 300 SMSList ("") EmailList ("dieuhanhgiaothong@gmail.com", "nguyenduytan71@gmail.com") SMSEvent 7 EmailEvent 15 
2018-01-13 04:26:27 LOOP 600 SMSList ("") EmailList ("dieuhanhgiaothong@gmail.com", "nguyenduytan71@gmail.com") SMSEvent 7 EmailEvent 15 
2018-01-13 04:52:04 LOOP 900 SMSList ("") EmailList ("dieuhanhgiaothong@gmail.com", "nguyenduytan71@gmail.com") SMSEvent 7 EmailEvent 15 
2018-01-13 05:17:55 LOOP 1200 SMSList ("") EmailList ("dieuhanhgiaothong@gmail.com", "nguyenduytan71@gmail.com") SMSEvent 7 EmailEvent 15 
2018-01-13 05:43:31 LOOP 1500 SMSList ("") EmailList ("dieuhanhgiaothong@gmail.com", "nguyenduytan71@gmail.com") SMSEvent 7 EmailEvent 15 
2018-01-13 06:09:08 LOOP 1800 SMSList ("") EmailList ("dieuhanhgiaothong@gmail.com", "nguyenduytan71@gmail.com") SMSEvent 7 EmailEvent 15 
2018-01-13 06:34:45 LOOP 2100 SMSList ("") EmailList ("dieuhanhgiaothong@gmail.com", "nguyenduytan71@gmail.com") SMSEvent 7 EmailEvent 15 
2018-01-13 07:00:30 LOOP 2400 SMSList ("") EmailList ("dieuhanhgiaothong@gmail.com", "nguyenduytan71@gmail.com") SMSEvent 7 EmailEvent 15 
2018-01-13 07:27:02 LOOP 2700 SMSList ("") EmailList ("dieuhanhgiaothong@gmail.com", "nguyenduytan71@gmail.com") SMSEvent 7 EmailEvent 15 
2018-01-13 07:52:54 LOOP 3000 SMSList ("") EmailList ("dieuhanhgiaothong@gmail.com", "nguyenduytan71@gmail.com") SMSEvent 7 EmailEvent 15 
2018-01-13 08:19:24 LOOP 3300 SMSList ("") EmailList ("dieuhanhgiaothong@gmail.com", "nguyenduytan71@gmail.com") SMSEvent 7 EmailEvent 15 
2018-01-13 08:45:18 LOOP 3600 SMSList ("") EmailList ("dieuhanhgiaothong@gmail.com", "nguyenduytan71@gmail.com") SMSEvent 7 EmailEvent 15 
2018-01-13 09:11:32 LOOP 3900 SMSList ("") EmailList ("dieuhanhgiaothong@gmail.com", "nguyenduytan71@gmail.com") SMSEvent 7 EmailEvent 15 
2018-01-13 09:37:20 LOOP 4200 SMSList ("") EmailList ("dieuhanhgiaothong@gmail.com", "nguyenduytan71@gmail.com") SMSEvent 7 EmailEvent 15 
2018-01-13 10:03:03 LOOP 4500 SMSList ("") EmailList ("dieuhanhgiaothong@gmail.com", "nguyenduytan71@gmail.com") SMSEvent 7 EmailEvent 15 
2018-01-13 10:28:58 LOOP 4800 SMSList ("") EmailList ("dieuhanhgiaothong@gmail.com", "nguyenduytan71@gmail.com") SMSEvent 7 EmailEvent 15 
2018-01-13 10:55:16 LOOP 5100 SMSList ("") EmailList ("dieuhanhgiaothong@gmail.com", "nguyenduytan71@gmail.com") SMSEvent 7 EmailEvent 15 
2018-01-13 11:20:55 LOOP 5400 SMSList ("") EmailList ("dieuhanhgiaothong@gmail.com", "nguyenduytan71@gmail.com") SMSEvent 7 EmailEvent 15 
2018-01-13 11:38:22 "Exec Query[update tbl_cam set cam_analytics_stat=0 where cam_analytics_stat=1 and cam_analytics_time<subtime(now(),'00:05:00')], error[Deadlock found when trying to get lock; try restarting transaction QMYSQL: Unable to execute query], host[10.0.0.5], database[localvnm], alias[SendMailLocalDatabase0]" 
2018-01-13 11:38:24 "Exec Query[update tbl_cam set cam_vehicle_stat=0 where cam_vehicle_stat=1 and cam_vehicle_time<subtime(now(),'00:20:00')], error[Deadlock found when trying to get lock; try restarting transaction QMYSQL: Unable to execute query], host[10.0.0.5], database[localvnm], alias[SendMailLocalDatabase0]" 
2018-01-13 11:46:52 LOOP 5700 SMSList ("") EmailList ("dieuhanhgiaothong@gmail.com", "nguyenduytan71@gmail.com") SMSEvent 7 EmailEvent 15 
2018-01-13 12:12:50 LOOP 6000 SMSList ("") EmailList ("dieuhanhgiaothong@gmail.com", "nguyenduytan71@gmail.com") SMSEvent 7 EmailEvent 15 
2018-01-13 12:38:44 LOOP 6300 SMSList ("") EmailList ("dieuhanhgiaothong@gmail.com", "nguyenduytan71@gmail.com") SMSEvent 7 EmailEvent 15 
2018-01-13 13:04:42 LOOP 6600 SMSList ("") EmailList ("dieuhanhgiaothong@gmail.com", "nguyenduytan71@gmail.com") SMSEvent 7 EmailEvent 15 
2018-01-13 13:31:03 LOOP 6900 SMSList ("") EmailList ("dieuhanhgiaothong@gmail.com", "nguyenduytan71@gmail.com") SMSEvent 7 EmailEvent 15 
2018-01-13 13:56:49 LOOP 7200 SMSList ("") EmailList ("dieuhanhgiaothong@gmail.com", "nguyenduytan71@gmail.com") SMSEvent 7 EmailEvent 15 
2018-01-13 14:23:13 LOOP 7500 SMSList ("") EmailList ("dieuhanhgiaothong@gmail.com", "nguyenduytan71@gmail.com") SMSEvent 7 EmailEvent 15 
2018-01-13 14:49:21 LOOP 7800 SMSList ("") EmailList ("dieuhanhgiaothong@gmail.com", "nguyenduytan71@gmail.com") SMSEvent 7 EmailEvent 15 
2018-01-13 15:15:35 LOOP 8100 SMSList ("") EmailList ("dieuhanhgiaothong@gmail.com", "nguyenduytan71@gmail.com") SMSEvent 7 EmailEvent 15 
2018-01-13 15:41:36 LOOP 8400 SMSList ("") EmailList ("dieuhanhgiaothong@gmail.com", "nguyenduytan71@gmail.com") SMSEvent 7 EmailEvent 15 
2018-01-13 16:07:46 LOOP 8700 SMSList ("") EmailList ("dieuhanhgiaothong@gmail.com", "nguyenduytan71@gmail.com") SMSEvent 7 EmailEvent 15 
2018-01-13 16:33:26 LOOP 9000 SMSList ("") EmailList ("dieuhanhgiaothong@gmail.com", "nguyenduytan71@gmail.com") SMSEvent 7 EmailEvent 15 
2018-01-13 16:44:20 "Exec Query[update tbl_cam set cam_video_stat=0 where cam_video_stat=1 and cam_videotime<subtime(now(),'00:03:00')], error[Deadlock found when trying to get lock; try restarting transaction QMYSQL: Unable to execute query], host[10.0.0.5], database[localvnm], alias[SendMailLocalDatabase0]" 
2018-01-13 16:59:09 LOOP 9300 SMSList ("") EmailList ("dieuhanhgiaothong@gmail.com", "nguyenduytan71@gmail.com") SMSEvent 7 EmailEvent 15 
2018-01-13 17:25:02 LOOP 9600 SMSList ("") EmailList ("dieuhanhgiaothong@gmail.com", "nguyenduytan71@gmail.com") SMSEvent 7 EmailEvent 15 
2018-01-13 17:50:51 LOOP 9900 SMSList ("") EmailList ("dieuhanhgiaothong@gmail.com", "nguyenduytan71@gmail.com") SMSEvent 7 EmailEvent 15 
2018-01-13 18:17:03 LOOP 10200 SMSList ("") EmailList ("dieuhanhgiaothong@gmail.com", "nguyenduytan71@gmail.com") SMSEvent 7 EmailEvent 15 
2018-01-13 18:42:41 LOOP 10500 SMSList ("") EmailList ("dieuhanhgiaothong@gmail.com", "nguyenduytan71@gmail.com") SMSEvent 7 EmailEvent 15 
2018-01-13 19:03:00 "Exec Query[update tbl_cam set cam_analytics_stat=0 where cam_analytics_stat=1 and cam_analytics_time<subtime(now(),'00:05:00')], error[Deadlock found when trying to get lock; try restarting transaction QMYSQL: Unable to execute query], host[10.0.0.5], database[localvnm], alias[SendMailLocalDatabase0]" 
2018-01-13 19:08:36 LOOP 10800 SMSList ("") EmailList ("dieuhanhgiaothong@gmail.com", "nguyenduytan71@gmail.com") SMSEvent 7 EmailEvent 15 
2018-01-13 19:34:37 LOOP 11100 SMSList ("") EmailList ("dieuhanhgiaothong@gmail.com", "nguyenduytan71@gmail.com") SMSEvent 7 EmailEvent 15 
2018-01-13 20:00:52 LOOP 11400 SMSList ("") EmailList ("dieuhanhgiaothong@gmail.com", "nguyenduytan71@gmail.com") SMSEvent 7 EmailEvent 15 
2018-01-13 20:26:30 LOOP 11700 SMSList ("") EmailList ("dieuhanhgiaothong@gmail.com", "nguyenduytan71@gmail.com") SMSEvent 7 EmailEvent 15 
2018-01-13 20:52:28 LOOP 12000 SMSList ("") EmailList ("dieuhanhgiaothong@gmail.com", "nguyenduytan71@gmail.com") SMSEvent 7 EmailEvent 15 
2018-01-13 21:18:06 LOOP 12300 SMSList ("") EmailList ("dieuhanhgiaothong@gmail.com", "nguyenduytan71@gmail.com") SMSEvent 7 EmailEvent 15 
2018-01-13 21:44:09 LOOP 12600 SMSList ("") EmailList ("dieuhanhgiaothong@gmail.com", "nguyenduytan71@gmail.com") SMSEvent 7 EmailEvent 15 
2018-01-13 22:09:59 LOOP 12900 SMSList ("") EmailList ("dieuhanhgiaothong@gmail.com", "nguyenduytan71@gmail.com") SMSEvent 7 EmailEvent 15 
2018-01-13 22:35:37 LOOP 13200 SMSList ("") EmailList ("dieuhanhgiaothong@gmail.com", "nguyenduytan71@gmail.com") SMSEvent 7 EmailEvent 15 
2018-01-13 23:01:15 LOOP 13500 SMSList ("") EmailList ("dieuhanhgiaothong@gmail.com", "nguyenduytan71@gmail.com") SMSEvent 7 EmailEvent 15 
2018-01-13 23:26:52 LOOP 13800 SMSList ("") EmailList ("dieuhanhgiaothong@gmail.com", "nguyenduytan71@gmail.com") SMSEvent 7 EmailEvent 15 
2018-01-13 23:52:30 LOOP 14100 SMSList ("") EmailList ("dieuhanhgiaothong@gmail.com", "nguyenduytan71@gmail.com") SMSEvent 7 EmailEvent 15 
