2018-02-16 00:05:02 LOOP 14400 SMSList ("") EmailList ("dieuhanhgiaothong@gmail.com", "nguyenduytan71@gmail.com") SMSEvent 7 EmailEvent 15 
2018-02-16 00:30:52 LOOP 14700 SMSList ("") EmailList ("dieuhanhgiaothong@gmail.com", "nguyenduytan71@gmail.com") SMSEvent 7 EmailEvent 15 
2018-02-16 00:50:32 "Exec Query[update tbl_cam set cam_video_stat=0 where cam_video_stat=1 and cam_videotime<subtime(now(),'00:03:00')], error[Deadlock found when trying to get lock; try restarting transaction QMYSQL: Unable to execute query], host[10.0.0.5], database[localvnm], alias[SendMailLocalDatabase0]" 
2018-02-16 00:56:31 LOOP 15000 SMSList ("") EmailList ("dieuhanhgiaothong@gmail.com", "nguyenduytan71@gmail.com") SMSEvent 7 EmailEvent 15 
2018-02-16 01:22:23 LOOP 15300 SMSList ("") EmailList ("dieuhanhgiaothong@gmail.com", "nguyenduytan71@gmail.com") SMSEvent 7 EmailEvent 15 
2018-02-16 01:48:01 LOOP 15600 SMSList ("") EmailList ("dieuhanhgiaothong@gmail.com", "nguyenduytan71@gmail.com") SMSEvent 7 EmailEvent 15 
2018-02-16 02:13:40 LOOP 15900 SMSList ("") EmailList ("dieuhanhgiaothong@gmail.com", "nguyenduytan71@gmail.com") SMSEvent 7 EmailEvent 15 
2018-02-16 02:39:40 LOOP 16200 SMSList ("") EmailList ("dieuhanhgiaothong@gmail.com", "nguyenduytan71@gmail.com") SMSEvent 7 EmailEvent 15 
2018-02-16 03:05:19 LOOP 16500 SMSList ("") EmailList ("dieuhanhgiaothong@gmail.com", "nguyenduytan71@gmail.com") SMSEvent 7 EmailEvent 15 
2018-02-16 03:31:09 LOOP 16800 SMSList ("") EmailList ("dieuhanhgiaothong@gmail.com", "nguyenduytan71@gmail.com") SMSEvent 7 EmailEvent 15 
2018-02-16 03:41:20 "Open DatabaseName = localvnm,HostName = 10.0.0.5,AliasName =SendMailLocalDatabase0,Ok" 
2018-02-16 03:41:20 LOOP 0 SMSList ("") EmailList ("dieuhanhgiaothong@gmail.com", "nguyenduytan71@gmail.com") SMSEvent 7 EmailEvent 15 
2018-02-16 04:07:16 LOOP 300 SMSList ("") EmailList ("dieuhanhgiaothong@gmail.com", "nguyenduytan71@gmail.com") SMSEvent 7 EmailEvent 15 
2018-02-16 04:32:54 LOOP 600 SMSList ("") EmailList ("dieuhanhgiaothong@gmail.com", "nguyenduytan71@gmail.com") SMSEvent 7 EmailEvent 15 
2018-02-16 04:58:50 LOOP 900 SMSList ("") EmailList ("dieuhanhgiaothong@gmail.com", "nguyenduytan71@gmail.com") SMSEvent 7 EmailEvent 15 
2018-02-16 05:24:28 LOOP 1200 SMSList ("") EmailList ("dieuhanhgiaothong@gmail.com", "nguyenduytan71@gmail.com") SMSEvent 7 EmailEvent 15 
2018-02-16 05:50:07 LOOP 1500 SMSList ("") EmailList ("dieuhanhgiaothong@gmail.com", "nguyenduytan71@gmail.com") SMSEvent 7 EmailEvent 15 
2018-02-16 06:15:46 LOOP 1800 SMSList ("") EmailList ("dieuhanhgiaothong@gmail.com", "nguyenduytan71@gmail.com") SMSEvent 7 EmailEvent 15 
2018-02-16 06:41:40 LOOP 2100 SMSList ("") EmailList ("dieuhanhgiaothong@gmail.com", "nguyenduytan71@gmail.com") SMSEvent 7 EmailEvent 15 
2018-02-16 07:07:27 LOOP 2400 SMSList ("") EmailList ("dieuhanhgiaothong@gmail.com", "nguyenduytan71@gmail.com") SMSEvent 7 EmailEvent 15 
2018-02-16 07:33:25 LOOP 2700 SMSList ("") EmailList ("dieuhanhgiaothong@gmail.com", "nguyenduytan71@gmail.com") SMSEvent 7 EmailEvent 15 
2018-02-16 07:59:33 LOOP 3000 SMSList ("") EmailList ("dieuhanhgiaothong@gmail.com", "nguyenduytan71@gmail.com") SMSEvent 7 EmailEvent 15 
2018-02-16 08:25:16 LOOP 3300 SMSList ("") EmailList ("dieuhanhgiaothong@gmail.com", "nguyenduytan71@gmail.com") SMSEvent 7 EmailEvent 15 
2018-02-16 08:51:14 LOOP 3600 SMSList ("") EmailList ("dieuhanhgiaothong@gmail.com", "nguyenduytan71@gmail.com") SMSEvent 7 EmailEvent 15 
2018-02-16 09:17:34 LOOP 3900 SMSList ("") EmailList ("dieuhanhgiaothong@gmail.com", "nguyenduytan71@gmail.com") SMSEvent 7 EmailEvent 15 
2018-02-16 09:43:36 LOOP 4200 SMSList ("") EmailList ("dieuhanhgiaothong@gmail.com", "nguyenduytan71@gmail.com") SMSEvent 7 EmailEvent 15 
2018-02-16 10:02:52 "Exec Query[update tbl_cam set cam_video_stat=0 where cam_video_stat=1 and cam_videotime<subtime(now(),'00:03:00')], error[Deadlock found when trying to get lock; try restarting transaction QMYSQL: Unable to execute query], host[10.0.0.5], database[localvnm], alias[SendMailLocalDatabase0]" 
2018-02-16 10:10:01 LOOP 4500 SMSList ("") EmailList ("dieuhanhgiaothong@gmail.com", "nguyenduytan71@gmail.com") SMSEvent 7 EmailEvent 15 
2018-02-16 10:16:13 "Exec Query[update tbl_cam set cam_video_stat=0 where cam_video_stat=1 and cam_videotime<subtime(now(),'00:03:00')], error[Deadlock found when trying to get lock; try restarting transaction QMYSQL: Unable to execute query], host[10.0.0.5], database[localvnm], alias[SendMailLocalDatabase0]" 
2018-02-16 10:36:09 LOOP 4800 SMSList ("") EmailList ("dieuhanhgiaothong@gmail.com", "nguyenduytan71@gmail.com") SMSEvent 7 EmailEvent 15 
2018-02-16 10:46:22 "Exec Query[update tbl_cam set cam_video_stat=0 where cam_video_stat=1 and cam_videotime<subtime(now(),'00:03:00')], error[Deadlock found when trying to get lock; try restarting transaction QMYSQL: Unable to execute query], host[10.0.0.5], database[localvnm], alias[SendMailLocalDatabase0]" 
2018-02-16 11:00:53 "Exec Query[update tbl_cam set cam_vehicle_stat=0 where cam_vehicle_stat=1 and cam_vehicle_time<subtime(now(),'00:20:00')], error[Deadlock found when trying to get lock; try restarting transaction QMYSQL: Unable to execute query], host[10.0.0.5], database[localvnm], alias[SendMailLocalDatabase0]" 
2018-02-16 11:01:55 LOOP 5100 SMSList ("") EmailList ("dieuhanhgiaothong@gmail.com", "nguyenduytan71@gmail.com") SMSEvent 7 EmailEvent 15 
2018-02-16 11:27:55 LOOP 5400 SMSList ("") EmailList ("dieuhanhgiaothong@gmail.com", "nguyenduytan71@gmail.com") SMSEvent 7 EmailEvent 15 
2018-02-16 11:53:40 LOOP 5700 SMSList ("") EmailList ("dieuhanhgiaothong@gmail.com", "nguyenduytan71@gmail.com") SMSEvent 7 EmailEvent 15 
2018-02-16 12:20:05 LOOP 6000 SMSList ("") EmailList ("dieuhanhgiaothong@gmail.com", "nguyenduytan71@gmail.com") SMSEvent 7 EmailEvent 15 
2018-02-16 12:46:06 LOOP 6300 SMSList ("") EmailList ("dieuhanhgiaothong@gmail.com", "nguyenduytan71@gmail.com") SMSEvent 7 EmailEvent 15 
2018-02-16 12:47:13 "Exec Query[update tbl_cam set cam_analytics_stat=0 where cam_analytics_stat=1 and cam_analytics_time<subtime(now(),'00:05:00')], error[Deadlock found when trying to get lock; try restarting transaction QMYSQL: Unable to execute query], host[10.0.0.5], database[localvnm], alias[SendMailLocalDatabase0]" 
2018-02-16 13:13:11 LOOP 6600 SMSList ("") EmailList ("dieuhanhgiaothong@gmail.com", "nguyenduytan71@gmail.com") SMSEvent 7 EmailEvent 15 
2018-02-16 13:39:04 LOOP 6900 SMSList ("") EmailList ("dieuhanhgiaothong@gmail.com", "nguyenduytan71@gmail.com") SMSEvent 7 EmailEvent 15 
2018-02-16 14:04:53 LOOP 7200 SMSList ("") EmailList ("dieuhanhgiaothong@gmail.com", "nguyenduytan71@gmail.com") SMSEvent 7 EmailEvent 15 
2018-02-16 14:30:57 LOOP 7500 SMSList ("") EmailList ("dieuhanhgiaothong@gmail.com", "nguyenduytan71@gmail.com") SMSEvent 7 EmailEvent 15 
2018-02-16 14:56:57 LOOP 7800 SMSList ("") EmailList ("dieuhanhgiaothong@gmail.com", "nguyenduytan71@gmail.com") SMSEvent 7 EmailEvent 15 
2018-02-16 15:22:39 LOOP 8100 SMSList ("") EmailList ("dieuhanhgiaothong@gmail.com", "nguyenduytan71@gmail.com") SMSEvent 7 EmailEvent 15 
2018-02-16 15:49:02 LOOP 8400 SMSList ("") EmailList ("dieuhanhgiaothong@gmail.com", "nguyenduytan71@gmail.com") SMSEvent 7 EmailEvent 15 
2018-02-16 16:14:53 LOOP 8700 SMSList ("") EmailList ("dieuhanhgiaothong@gmail.com", "nguyenduytan71@gmail.com") SMSEvent 7 EmailEvent 15 
2018-02-16 16:41:23 LOOP 9000 SMSList ("") EmailList ("dieuhanhgiaothong@gmail.com", "nguyenduytan71@gmail.com") SMSEvent 7 EmailEvent 15 
2018-02-16 17:07:24 LOOP 9300 SMSList ("") EmailList ("dieuhanhgiaothong@gmail.com", "nguyenduytan71@gmail.com") SMSEvent 7 EmailEvent 15 
2018-02-16 17:33:23 LOOP 9600 SMSList ("") EmailList ("dieuhanhgiaothong@gmail.com", "nguyenduytan71@gmail.com") SMSEvent 7 EmailEvent 15 
2018-02-16 17:59:32 LOOP 9900 SMSList ("") EmailList ("dieuhanhgiaothong@gmail.com", "nguyenduytan71@gmail.com") SMSEvent 7 EmailEvent 15 
2018-02-16 18:25:25 LOOP 10200 SMSList ("") EmailList ("dieuhanhgiaothong@gmail.com", "nguyenduytan71@gmail.com") SMSEvent 7 EmailEvent 15 
2018-02-16 18:51:20 LOOP 10500 SMSList ("") EmailList ("dieuhanhgiaothong@gmail.com", "nguyenduytan71@gmail.com") SMSEvent 7 EmailEvent 15 
2018-02-16 19:17:09 LOOP 10800 SMSList ("") EmailList ("dieuhanhgiaothong@gmail.com", "nguyenduytan71@gmail.com") SMSEvent 7 EmailEvent 15 
2018-02-16 19:42:52 LOOP 11100 SMSList ("") EmailList ("dieuhanhgiaothong@gmail.com", "nguyenduytan71@gmail.com") SMSEvent 7 EmailEvent 15 
2018-02-16 20:08:52 LOOP 11400 SMSList ("") EmailList ("dieuhanhgiaothong@gmail.com", "nguyenduytan71@gmail.com") SMSEvent 7 EmailEvent 15 
2018-02-16 20:34:47 LOOP 11700 SMSList ("") EmailList ("dieuhanhgiaothong@gmail.com", "nguyenduytan71@gmail.com") SMSEvent 7 EmailEvent 15 
2018-02-16 21:00:38 LOOP 12000 SMSList ("") EmailList ("dieuhanhgiaothong@gmail.com", "nguyenduytan71@gmail.com") SMSEvent 7 EmailEvent 15 
2018-02-16 21:26:43 LOOP 12300 SMSList ("") EmailList ("dieuhanhgiaothong@gmail.com", "nguyenduytan71@gmail.com") SMSEvent 7 EmailEvent 15 
2018-02-16 21:52:23 LOOP 12600 SMSList ("") EmailList ("dieuhanhgiaothong@gmail.com", "nguyenduytan71@gmail.com") SMSEvent 7 EmailEvent 15 
2018-02-16 22:18:20 LOOP 12900 SMSList ("") EmailList ("dieuhanhgiaothong@gmail.com", "nguyenduytan71@gmail.com") SMSEvent 7 EmailEvent 15 
2018-02-16 22:43:59 LOOP 13200 SMSList ("") EmailList ("dieuhanhgiaothong@gmail.com", "nguyenduytan71@gmail.com") SMSEvent 7 EmailEvent 15 
2018-02-16 23:09:38 LOOP 13500 SMSList ("") EmailList ("dieuhanhgiaothong@gmail.com", "nguyenduytan71@gmail.com") SMSEvent 7 EmailEvent 15 
2018-02-16 23:35:17 LOOP 13800 SMSList ("") EmailList ("dieuhanhgiaothong@gmail.com", "nguyenduytan71@gmail.com") SMSEvent 7 EmailEvent 15 
2018-02-16 23:41:32 "Exec Query[update tbl_cam set cam_video_stat=0 where cam_video_stat=1 and cam_videotime<subtime(now(),'00:03:00')], error[Deadlock found when trying to get lock; try restarting transaction QMYSQL: Unable to execute query], host[10.0.0.5], database[localvnm], alias[SendMailLocalDatabase0]" 
